0 info it worked if it ends with ok
1 verbose cli [ 'node', '/usr/local/bin/npm', 'install', 'fontforge' ]
2 info using npm@1.4.6
3 info using node@v0.10.26
4 verbose node symlink /usr/local/bin/node
5 verbose readDependencies using package.json deps
6 verbose cache add [ 'fontforge', null ]
7 verbose cache add name=undefined spec="fontforge" args=["fontforge",null]
8 verbose parsed url { protocol: null,
8 verbose parsed url   slashes: null,
8 verbose parsed url   auth: null,
8 verbose parsed url   host: null,
8 verbose parsed url   port: null,
8 verbose parsed url   hostname: null,
8 verbose parsed url   hash: null,
8 verbose parsed url   search: null,
8 verbose parsed url   query: null,
8 verbose parsed url   pathname: 'fontforge',
8 verbose parsed url   path: 'fontforge',
8 verbose parsed url   href: 'fontforge' }
9 silly lockFile babc262a-fontforge fontforge
10 verbose lock fontforge /Users/developer/.npm/babc262a-fontforge.lock
11 silly lockFile babc262a-fontforge fontforge
12 silly lockFile babc262a-fontforge fontforge
13 verbose addNamed [ 'fontforge', '' ]
14 verbose addNamed [ null, '*' ]
15 silly lockFile 6d7e4a74-fontforge fontforge@
16 verbose lock fontforge@ /Users/developer/.npm/6d7e4a74-fontforge.lock
17 silly addNameRange { name: 'fontforge', range: '*', hasData: false }
18 verbose url raw fontforge
19 verbose url resolving [ 'https://registry.npmjs.org/', './fontforge' ]
20 verbose url resolved https://registry.npmjs.org/fontforge
21 info trying registry request attempt 1 at 12:12:30
22 http GET https://registry.npmjs.org/fontforge
23 http 404 https://registry.npmjs.org/fontforge
24 silly registry.get cb [ 404,
24 silly registry.get   { date: 'Mon, 12 May 2014 11:12:31 GMT',
24 silly registry.get     server: 'CouchDB/1.5.0 (Erlang OTP/R14B04)',
24 silly registry.get     'content-type': 'application/json',
24 silly registry.get     via: '1.1 varnish',
24 silly registry.get     'cache-control': 'max-age=0',
24 silly registry.get     'content-length': '52',
24 silly registry.get     'accept-ranges': 'bytes',
24 silly registry.get     age: '0',
24 silly registry.get     'x-served-by': 'cache-v43-ASH, cache-lcy1122-LCY',
24 silly registry.get     'x-cache': 'MISS, MISS',
24 silly registry.get     'x-cache-hits': '0, 0',
24 silly registry.get     'x-timer': 'S1399893150.855406046,VS0,VS47,VE141,VE175',
24 silly registry.get     'keep-alive': 'timeout=10, max=50',
24 silly registry.get     connection: 'Keep-Alive' } ]
25 silly lockFile 6d7e4a74-fontforge fontforge@
26 silly lockFile 6d7e4a74-fontforge fontforge@
27 error 404 'fontforge' is not in the npm registry.
27 error 404 You should bug the author to publish it
27 error 404 It was specified as a dependency of 'web-toolkit'
27 error 404
27 error 404 Note that you can also install from a
27 error 404 tarball, folder, or http url, or git url.
28 error System Darwin 13.1.0
29 error command "node" "/usr/local/bin/npm" "install" "fontforge"
30 error cwd /Users/developer/projects/web-toolkit
31 error node -v v0.10.26
32 error npm -v 1.4.6
33 error code E404
34 verbose exit [ 1, true ]
